<?xml version="1.0" encoding="UTF-8"?>
<!-- Generated by org.testng.reporters.JUnitReportReporter -->
<testsuite hostname="DESKTOP-SGEICE4" failures="0" tests="1" name="TestNgDemo" time="0.017" errors="0" timestamp="2020-08-30T21:21:34 IST" skipped="0">
  <testcase classname="TestNgDemo" name="sai" time="0.017"/>
  <system-out>
welcome to TestNG  </system-out>
</testsuite> <!-- TestNgDemo -->
