<?xml version="1.0" encoding="UTF-8"?>
<!-- Generated by org.testng.reporters.JUnitReportReporter -->
<testsuite hostname="DESKTOP-SGEICE4" failures="0" tests="1" name="com.actiTime.TestScripts.ValidLogin" time="50.670" errors="0" timestamp="2020-09-07T21:27:31 IST" skipped="0">
  <testcase classname="com.actiTime.TestScripts.ValidLogin" name="testValidLogin" time="50.670"/>
  <system-out/>
</testsuite> <!-- com.actiTime.TestScripts.ValidLogin -->
