<?xml version="1.0" encoding="UTF-8"?>
<!-- Generated by org.testng.reporters.JUnitReportReporter -->
<testsuite hostname="DESKTOP-SGEICE4" failures="0" tests="3" name="com.testNGprgs.CreateCustomer" time="215.061" errors="0" timestamp="2020-08-31T20:38:25 IST" skipped="0">
  <testcase classname="com.testNGprgs.CreateCustomer" name="testCreateCustomer" time="163.048"/>
  <system-out>
CreateCustomer  </system-out>
  <testcase classname="com.testNGprgs.CreateCustomer" name="testCreateCustomerWithTaskname" time="31.976"/>
  <system-out>
testCreateCustomerWithTaskname  </system-out>
  <testcase classname="com.testNGprgs.CreateCustomer" name="testCreateCustomerWithDescription" time="20.037"/>
  <system-out>
CreateCustomerWithDescription  </system-out>
</testsuite> <!-- com.testNGprgs.CreateCustomer -->
