<?xml version="1.0" encoding="UTF-8"?>
<!-- Generated by org.testng.reporters.JUnitReportReporter -->
<testsuite hostname="DESKTOP-SGEICE4" failures="0" tests="1" name="com.testNGprgs.ScreenShot" time="10.081" errors="0" timestamp="2020-08-31T20:47:11 IST" skipped="0">
  <testcase classname="com.testNGprgs.ScreenShot" name="testScreenShot" time="10.081"/>
  <system-out/>
</testsuite> <!-- com.testNGprgs.ScreenShot -->
