<?xml version="1.0" encoding="UTF-8"?>
<!-- Generated by org.testng.reporters.JUnitReportReporter -->
<testsuite hostname="DESKTOP-SGEICE4" failures="0" tests="2" name="com.testNGprgs.ALLAnnotations" time="0.012" errors="0" timestamp="2020-09-03T17:10:18 IST" skipped="0">
  <testcase classname="com.testNGprgs.ALLAnnotations" name="Test1" time="0.010"/>
  <system-out/>
  <testcase classname="com.testNGprgs.ALLAnnotations" name="Test2" time="0.002"/>
  <system-out/>
</testsuite> <!-- com.testNGprgs.ALLAnnotations -->
