<?xml version="1.0" encoding="UTF-8"?>
<!-- Generated by org.testng.reporters.JUnitReportReporter -->
<testsuite hostname="DESKTOP-SGEICE4" failures="0" tests="1" name="com.actiTime.TestScripts.CreateCustomer" time="35.875" errors="0" timestamp="2020-09-08T20:53:14 IST" skipped="0">
  <testcase classname="com.actiTime.TestScripts.CreateCustomer" name="testCreateCustomer" time="35.875"/>
  <system-out/>
</testsuite> <!-- com.actiTime.TestScripts.CreateCustomer -->
