<?xml version="1.0" encoding="UTF-8"?>
<!-- Generated by org.testng.reporters.JUnitReportReporter -->
<testsuite hostname="DESKTOP-SGEICE4" failures="0" tests="3" name="com.testNGprgs.GoogleTest" time="35.257" errors="0" timestamp="2020-09-03T21:24:08 IST" skipped="0">
  <testcase classname="com.testNGprgs.GoogleTest" name="getTitle" time="12.812"/>
  <system-out/>
  <testcase classname="com.testNGprgs.GoogleTest" name="logo" time="11.793"/>
  <system-out/>
  <testcase classname="com.testNGprgs.GoogleTest" name="link" time="10.652"/>
  <system-out/>
</testsuite> <!-- com.testNGprgs.GoogleTest -->
